@!@!@STARTMSG 2262:0 @!@!@
TLC2 Version 2.16 of Day Month 20?? (rev: 294e2ae)
@!@!@ENDMSG 2262 @!@!@
@!@!@STARTMSG 2187:0 @!@!@
Running breadth-first search Model-Checking with fp 23 and seed 2532089002957123432 with 8 workers on 16 cores with 3415MB heap and 64MB offheap memory [pid: 9037] (Linux 5.13.0-48-generic amd64, AdoptOpenJDK 14.0.1 x86_64, NoopFPSet, DiskStateQueue).
@!@!@ENDMSG 2187 @!@!@
@!@!@STARTMSG 2220:0 @!@!@
Starting SANY...
@!@!@ENDMSG 2220 @!@!@
Parsing file /home/user-sc/plif_github/plif/examples/conferences/step9_p_allocate18_stage2/ConferenceProcFS_final.toolbox/Model_1/MC.tla
Parsing file /home/user-sc/plif_github/plif/examples/conferences/step9_p_allocate18_stage2/ConferenceProcFS_final.toolbox/Model_1/ConferenceProcFS_final.tla
Parsing file /home/user-sc/toolbox/tla_toolbox_1.7.1_fixed/tlaplus/toolbox/org.lamport.tla.toolbox.product.product/target/products/org.lamport.tla.toolbox.product.product/linux/gtk/x86_64/toolbox/plugins/org.lamport.tlatools_1.0.0.202109141953/tla2sany/StandardModules/TLC.tla
Parsing file /home/user-sc/plif_github/plif/examples/conferences/step9_p_allocate18_stage2/ConferenceProcFS_final.toolbox/Model_1/RuntimeFS.tla
Parsing file /home/user-sc/plif_github/plif/examples/conferences/step9_p_allocate18_stage2/ConferenceProcFS_final.toolbox/Model_1/ParametersFS.tla
Parsing file /home/user-sc/toolbox/tla_toolbox_1.7.1_fixed/tlaplus/toolbox/org.lamport.tla.toolbox.product.product/target/products/org.lamport.tla.toolbox.product.product/linux/gtk/x86_64/toolbox/plugins/org.lamport.tlatools_1.0.0.202109141953/tla2sany/StandardModules/Naturals.tla
Parsing file /home/user-sc/toolbox/tla_toolbox_1.7.1_fixed/tlaplus/toolbox/org.lamport.tla.toolbox.product.product/target/products/org.lamport.tla.toolbox.product.product/linux/gtk/x86_64/toolbox/plugins/org.lamport.tlatools_1.0.0.202109141953/tla2sany/StandardModules/Sequences.tla
Parsing file /home/user-sc/plif_github/plif/examples/conferences/step9_p_allocate18_stage2/ConferenceProcFS_final.toolbox/Model_1/Paralocks.tla
Parsing file /usr/local/lib/tlaps/FiniteSets.tla
Parsing file /home/user-sc/plif_github/plif/examples/conferences/step9_p_allocate18_stage2/ConferenceProcFS_final.toolbox/Model_1/Apalache.tla
Semantic processing of module Naturals
Semantic processing of module Sequences
Semantic processing of module FiniteSets
Semantic processing of module TLC
Semantic processing of module Apalache
Semantic processing of module Paralocks
Semantic processing of module ParametersFS
Semantic processing of module RuntimeFS
Semantic processing of module ConferenceProcFS_final
Semantic processing of module MC
@!@!@STARTMSG 2219:0 @!@!@
SANY finished.
@!@!@ENDMSG 2219 @!@!@
@!@!@STARTMSG 2185:0 @!@!@
Starting... (2022-06-16 01:00:03)
@!@!@ENDMSG 2185 @!@!@
<<"$!@$!@$!@$!@$!", TRUE>>
@!@!@STARTMSG 2189:0 @!@!@
Computing initial states...
@!@!@ENDMSG 2189 @!@!@
@!@!@STARTMSG 2190:0 @!@!@
Finished computing initial states: 0 distinct states generated at 2022-06-16 01:00:05.
@!@!@ENDMSG 2190 @!@!@
@!@!@STARTMSG 2193:0 @!@!@
Model checking completed. No error has been found.
  Estimates of the probability that TLC did not check all reachable states
  because two distinct states had the same fingerprint:
  calculated (optimistic):  val = 0.0
@!@!@ENDMSG 2193 @!@!@
@!@!@STARTMSG 2200:0 @!@!@
Progress(1) at 2022-06-16 01:00:05: 0 states generated (0 s/min), 0 distinct states found (0 ds/min), 0 states left on queue.
@!@!@ENDMSG 2200 @!@!@
@!@!@STARTMSG 2199:0 @!@!@
0 states generated, 0 distinct states found, 0 states left on queue.
@!@!@ENDMSG 2199 @!@!@
@!@!@STARTMSG 2194:0 @!@!@
The depth of the complete state graph search is 0.
@!@!@ENDMSG 2194 @!@!@
@!@!@STARTMSG 2186:0 @!@!@
Finished in 2703ms at (2022-06-16 01:00:05)
@!@!@ENDMSG 2186 @!@!@
